info it worked if it ends with ok
verbose cli [ '/usr/bin/nodejs', '/usr/bin/npm', 'install', 'mysql' ]
info using npm@1.1.4
info using node@v0.6.19
verbose config file /root/.npmrc
verbose config file /usr/etc/npmrc
verbose config file /usr/share/npm/npmrc
verbose caching /var/www/axelerate/package.json
verbose loadDefaults socket-axelerate-server@0.0.1
verbose caching /var/www/axelerate/node_modules/express/package.json
verbose loadDefaults express@4.10.2
verbose caching /var/www/axelerate/node_modules/socket.io/package.json
verbose loadDefaults socket.io@1.3.2
verbose from cache /var/www/axelerate/package.json
verbose readDependencies: using package.json deps
verbose cache add [ 'mysql', null ]
silly cache add: name, spec, args [ undefined, 'mysql', [ 'mysql', null ] ]
verbose parsed url { pathname: 'mysql', path: 'mysql', href: 'mysql' }
verbose addNamed [ 'mysql', '' ]
verbose addNamed [ null, '' ]
silly name, range, hasData [ 'mysql', '', false ]
verbose raw, before any munging mysql
verbose url resolving [ 'https://registry.npmjs.org/', './mysql' ]
verbose url resolved https://registry.npmjs.org/mysql
http GET https://registry.npmjs.org/mysql
ERR! Error: failed to fetch from registry: mysql
ERR!     at /usr/share/npm/lib/utils/npm-registry-client/get.js:139:12
ERR!     at cb (/usr/share/npm/lib/utils/npm-registry-client/request.js:31:9)
ERR!     at Request._callback (/usr/share/npm/lib/utils/npm-registry-client/request.js:136:18)
ERR!     at Request.callback (/usr/lib/nodejs/request/main.js:119:22)
ERR!     at Request.<anonymous> (/usr/lib/nodejs/request/main.js:212:58)
ERR!     at Request.emit (events.js:88:20)
ERR!     at ClientRequest.<anonymous> (/usr/lib/nodejs/request/main.js:412:12)
ERR!     at ClientRequest.g (events.js:156:14)
ERR!     at ClientRequest.emit (events.js:67:17)
ERR!     at HTTPParser.parserOnIncomingClient [as onIncoming] (http.js:1256:7)
ERR! You may report this log at:
ERR!     <http://bugs.debian.org/npm>
ERR! or use
ERR!     reportbug --attach /var/www/axelerate/npm-debug.log npm
ERR! 
ERR! System Linux 3.12.35+
ERR! command "/usr/bin/nodejs" "/usr/bin/npm" "install" "mysql"
ERR! cwd /var/www/axelerate
ERR! node -v v0.6.19
ERR! npm -v 1.1.4
ERR! message failed to fetch from registry: mysql
verbose exit [ 1, true ]
